<?xml version="1.0" encoding="UTF-8"?>
<testng-results ignored="0" total="1" passed="1" failed="0" skipped="0">
  <reporter-output>
  </reporter-output>
  <suite started-at="2021-07-23T22:33:41 PST" name="Default suite" finished-at="2021-07-23T22:33:49 PST" duration-ms="7590">
    <groups>
    </groups>
    <test started-at="2021-07-23T22:33:41 PST" name="Default test" finished-at="2021-07-23T22:33:49 PST" duration-ms="7590">
      <class name="TestArea.TestNgTestPF">
        <test-method signature="loginTestcase01()[pri:0, instance:TestArea.TestNgTestPF@fba92d3]" started-at="2021-07-23T22:33:41 PST" name="loginTestcase01" finished-at="2021-07-23T22:33:49 PST" duration-ms="7449" status="PASS">
          <reporter-output>
          </reporter-output>
        </test-method> <!-- loginTestcase01 -->
        <test-method is-config="true" signature="closeDriver()[pri:0, instance:TestArea.TestNgTestPF@fba92d3]" started-at="2021-07-23T22:33:49 PST" name="closeDriver" finished-at="2021-07-23T22:33:49 PST" duration-ms="120" status="PASS">
          <reporter-output>
          </reporter-output>
        </test-method> <!-- closeDriver -->
      </class> <!-- TestArea.TestNgTestPF -->
    </test> <!-- Default test -->
  </suite> <!-- Default suite -->
</testng-results>
